This file contains any messages produced by compilers while
running configure, to aid debugging if configure makes a mistake.

It was created by ICU configure 71.1, which was
generated by GNU Autoconf 2.69.  Invocation command line was

  $ ./configure --enable-static --disable-shared

## --------- ##
## Platform. ##
## --------- ##

hostname = Danieles-MBP.lan
uname -m = arm64
uname -r = 21.3.0
uname -s = Darwin
uname -v = Darwin Kernel Version 21.3.0: Wed Jan  5 21:37:58 PST 2022; root:xnu-8019.80.24~20/RELEASE_ARM64_T6000

/usr/bin/uname -p = arm
/bin/uname -X     = unknown

/bin/arch              = unknown
/usr/bin/arch -k       = unknown
/usr/convex/getsysinfo = unknown
/usr/bin/hostinfo      = Mach kernel version:
	 Darwin Kernel Version 21.3.0: Wed Jan  5 21:37:58 PST 2022; root:xnu-8019.80.24~20/RELEASE_ARM64_T6000
Kernel configured for up to 10 processors.
10 processors are physically available.
10 processors are logically available.
Processor type: arm64e (ARM64E)
Processors active: 0 1 2 3 4 5 6 7 8 9
Primary memory available: 16.00 gigabytes
Default processor set: 556 tasks, 3458 threads, 10 processors
Load average: 2.19, Mach factor: 7.79
/bin/machine           = unknown
/usr/bin/oslevel       = unknown
/bin/universe          = unknown

PATH: /Applications/CommandLineTools/SuperVP
PATH: /Applications/CommandLineTools/Pm2
PATH: /opt/homebrew/bin
PATH: /opt/homebrew/sbin
PATH: /usr/local/bin
PATH: /usr/bin
PATH: /bin
PATH: /usr/sbin
PATH: /sbin
PATH: /Library/TeX/texbin
PATH: /Applications/Little Snitch.app/Contents/Components
PATH: /Library/Apple/usr/bin


## ----------- ##
## Core tests. ##
## ----------- ##

configure:2706: checking for ICU version numbers
configure:2739: result: release 71.1, library 71.1, unicode version 14.0
configure:2778: checking build system type
configure:2792: result: arm-apple-darwin21.3.0
configure:2812: checking host system type
configure:2825: result: arm-apple-darwin21.3.0
configure:2883: checking whether to build debug libraries
configure:2895: result: no
configure:2900: checking whether to build release libraries
configure:2912: result: yes
configure:2975: checking for clang
configure:2991: found /usr/bin/clang
configure:3002: result: clang
configure:3033: checking for C compiler version
configure:3042: clang --version >&5
Apple clang version 13.1.6 (clang-1316.0.21.2)
Target: arm64-apple-darwin21.3.0
Thread model: posix
InstalledDir: /Applications/Xcode.app/Contents/Developer/Toolchains/XcodeDefault.xctoolchain/usr/bin
configure:3053: $? = 0
configure:3042: clang -v >&5
Apple clang version 13.1.6 (clang-1316.0.21.2)
Target: arm64-apple-darwin21.3.0
Thread model: posix
InstalledDir: /Applications/Xcode.app/Contents/Developer/Toolchains/XcodeDefault.xctoolchain/usr/bin
configure:3053: $? = 0
configure:3042: clang -V >&5
clang: error: argument to '-V' is missing (expected 1 value)
clang: error: no input files
configure:3053: $? = 1
configure:3042: clang -qversion >&5
clang: error: unknown argument '-qversion'; did you mean '--version'?
clang: error: no input files
configure:3053: $? = 1
configure:3073: checking whether the C compiler works
configure:3095: clang    conftest.c  >&5
configure:3099: $? = 0
configure:3147: result: yes
configure:3150: checking for C compiler default output file name
configure:3152: result: a.out
configure:3158: checking for suffix of executables
configure:3165: clang -o conftest    conftest.c  >&5
configure:3169: $? = 0
configure:3191: result: 
configure:3213: checking whether we are cross compiling
configure:3221: clang -o conftest    conftest.c  >&5
configure:3225: $? = 0
configure:3232: ./conftest
configure:3236: $? = 0
configure:3251: result: no
configure:3256: checking for suffix of object files
configure:3278: clang -c   conftest.c >&5
configure:3282: $? = 0
configure:3303: result: o
configure:3307: checking whether we are using the GNU C compiler
configure:3326: clang -c   conftest.c >&5
configure:3326: $? = 0
configure:3335: result: yes
configure:3344: checking whether clang accepts -g
configure:3364: clang -c -g  conftest.c >&5
configure:3364: $? = 0
configure:3405: result: yes
configure:3422: checking for clang option to accept ISO C89
configure:3485: clang  -c   conftest.c >&5
configure:3485: $? = 0
configure:3498: result: none needed
configure:3578: checking for clang++
configure:3594: found /usr/bin/clang++
configure:3605: result: clang++
configure:3632: checking for C++ compiler version
configure:3641: clang++ --version >&5
Apple clang version 13.1.6 (clang-1316.0.21.2)
Target: arm64-apple-darwin21.3.0
Thread model: posix
InstalledDir: /Applications/Xcode.app/Contents/Developer/Toolchains/XcodeDefault.xctoolchain/usr/bin
configure:3652: $? = 0
configure:3641: clang++ -v >&5
Apple clang version 13.1.6 (clang-1316.0.21.2)
Target: arm64-apple-darwin21.3.0
Thread model: posix
InstalledDir: /Applications/Xcode.app/Contents/Developer/Toolchains/XcodeDefault.xctoolchain/usr/bin
configure:3652: $? = 0
configure:3641: clang++ -V >&5
clang: error: argument to '-V' is missing (expected 1 value)
clang: error: no input files
configure:3652: $? = 1
configure:3641: clang++ -qversion >&5
clang: error: unknown argument '-qversion'; did you mean '--version'?
clang: error: no input files
configure:3652: $? = 1
configure:3656: checking whether we are using the GNU C++ compiler
configure:3675: clang++ -c   conftest.cpp >&5
configure:3675: $? = 0
configure:3684: result: yes
configure:3693: checking whether clang++ accepts -g
configure:3713: clang++ -c -g  conftest.cpp >&5
configure:3713: $? = 0
configure:3754: result: yes
configure:3833: checking for pkg-config
configure:3866: result: no
configure:3901: checking for ICULEHB
configure:3960: result: no
configure:3997: checking how to run the C preprocessor
configure:4028: clang -E  conftest.c
configure:4028: $? = 0
configure:4042: clang -E  conftest.c
conftest.c:9:10: fatal error: 'ac_nonexistent.h' file not found
#include <ac_nonexistent.h>
         ^~~~~~~~~~~~~~~~~~
1 error generated.
configure:4042: $? = 1
configure: failed program was:
| /* confdefs.h */
| #define PACKAGE_NAME "ICU"
| #define PACKAGE_TARNAME "International Components for Unicode"
| #define PACKAGE_VERSION "71.1"
| #define PACKAGE_STRING "ICU 71.1"
| #define PACKAGE_BUGREPORT "http://icu-project.org/bugs"
| #define PACKAGE_URL "http://icu-project.org"
| /* end confdefs.h.  */
| #include <ac_nonexistent.h>
configure:4067: result: clang -E
configure:4087: clang -E  conftest.c
configure:4087: $? = 0
configure:4101: clang -E  conftest.c
conftest.c:9:10: fatal error: 'ac_nonexistent.h' file not found
#include <ac_nonexistent.h>
         ^~~~~~~~~~~~~~~~~~
1 error generated.
configure:4101: $? = 1
configure: failed program was:
| /* confdefs.h */
| #define PACKAGE_NAME "ICU"
| #define PACKAGE_TARNAME "International Components for Unicode"
| #define PACKAGE_VERSION "71.1"
| #define PACKAGE_STRING "ICU 71.1"
| #define PACKAGE_BUGREPORT "http://icu-project.org/bugs"
| #define PACKAGE_URL "http://icu-project.org"
| /* end confdefs.h.  */
| #include <ac_nonexistent.h>
configure:4144: checking for a BSD-compatible install
configure:4212: result: /usr/bin/install -c
configure:4244: clang++ -o conftest  -O2   conftest.cpp  >&5
configure:4244: $? = 0
configure:4272: checking for python3
configure:4288: found /opt/homebrew/bin/python3
configure:4299: result: python3
configure:4317: checking for gmake
configure:4350: result: no
configure:4317: checking for gnumake
configure:4335: found /usr/bin/gnumake
configure:4347: result: /usr/bin/gnumake
configure:4392: checking for doxygen
configure:4426: result: no
configure:4446: checking checking for executable suffix
configure:4453: result: 
configure:4459: checking whether strict compiling is on
configure:4475: result: yes
configure:4525: checking for grep that handles long lines and -e
configure:4583: result: /usr/bin/grep
configure:4588: checking for egrep
configure:4650: result: /usr/bin/grep -E
configure:4655: checking for ANSI C header files
configure:4675: clang -c  -O2 -std=c11 -Wall -pedantic -Wshadow -Wpointer-arith -Wmissing-prototypes -Wwrite-strings  conftest.c >&5
configure:4675: $? = 0
configure:4748: clang -o conftest  -O2 -std=c11 -Wall -pedantic -Wshadow -Wpointer-arith -Wmissing-prototypes -Wwrite-strings   conftest.c  >&5
configure:4748: $? = 0
configure:4748: ./conftest
configure:4748: $? = 0
configure:4759: result: yes
configure:4772: checking for sys/types.h
configure:4772: clang -c  -O2 -std=c11 -Wall -pedantic -Wshadow -Wpointer-arith -Wmissing-prototypes -Wwrite-strings  conftest.c >&5
configure:4772: $? = 0
configure:4772: result: yes
configure:4772: checking for sys/stat.h
configure:4772: clang -c  -O2 -std=c11 -Wall -pedantic -Wshadow -Wpointer-arith -Wmissing-prototypes -Wwrite-strings  conftest.c >&5
configure:4772: $? = 0
configure:4772: result: yes
configure:4772: checking for stdlib.h
configure:4772: clang -c  -O2 -std=c11 -Wall -pedantic -Wshadow -Wpointer-arith -Wmissing-prototypes -Wwrite-strings  conftest.c >&5
configure:4772: $? = 0
configure:4772: result: yes
configure:4772: checking for string.h
configure:4772: clang -c  -O2 -std=c11 -Wall -pedantic -Wshadow -Wpointer-arith -Wmissing-prototypes -Wwrite-strings  conftest.c >&5
configure:4772: $? = 0
configure:4772: result: yes
configure:4772: checking for memory.h
configure:4772: clang -c  -O2 -std=c11 -Wall -pedantic -Wshadow -Wpointer-arith -Wmissing-prototypes -Wwrite-strings  conftest.c >&5
configure:4772: $? = 0
configure:4772: result: yes
configure:4772: checking for strings.h
configure:4772: clang -c  -O2 -std=c11 -Wall -pedantic -Wshadow -Wpointer-arith -Wmissing-prototypes -Wwrite-strings  conftest.c >&5
configure:4772: $? = 0
configure:4772: result: yes
configure:4772: checking for inttypes.h
configure:4772: clang -c  -O2 -std=c11 -Wall -pedantic -Wshadow -Wpointer-arith -Wmissing-prototypes -Wwrite-strings  conftest.c >&5
configure:4772: $? = 0
configure:4772: result: yes
configure:4772: checking for stdint.h
configure:4772: clang -c  -O2 -std=c11 -Wall -pedantic -Wshadow -Wpointer-arith -Wmissing-prototypes -Wwrite-strings  conftest.c >&5
configure:4772: $? = 0
configure:4772: result: yes
configure:4772: checking for unistd.h
configure:4772: clang -c  -O2 -std=c11 -Wall -pedantic -Wshadow -Wpointer-arith -Wmissing-prototypes -Wwrite-strings  conftest.c >&5
configure:4772: $? = 0
configure:4772: result: yes
configure:4821: checking size of void *
configure:4826: clang -o conftest  -O2 -std=c11 -Wall -pedantic -Wshadow -Wpointer-arith -Wmissing-prototypes -Wwrite-strings   conftest.c  >&5
configure:4826: $? = 0
configure:4826: ./conftest
configure:4826: $? = 0
configure:4840: result: 8
configure:4850: checking whether runnable 64 bit binaries are built by default
configure:4907: result: yes
configure:5251: checking which Makefile fragment to use for arm-apple-darwin21.3.0
configure:5347: result: mh-darwin
configure:5396: checking for floor in -lm
configure:5421: clang -o conftest  -O2 -std=c11 -Wall -pedantic -Wshadow -Wpointer-arith -Wmissing-prototypes -Wwrite-strings   conftest.c -lm   >&5
conftest.c:27:6: warning: incompatible redeclaration of library function 'floor' [-Wincompatible-library-redeclaration]
char floor ();
     ^
conftest.c:27:6: note: 'floor' is a builtin with type 'double (double)'
1 warning generated.
configure:5421: $? = 0
configure:5430: result: yes
configure:5446: checking whether to build shared libraries
configure:5461: result: no
configure:5466: checking whether to build static libraries
configure:5478: result: yes
configure:5486: checking whether we can use static library optimization option
configure:5515: clang -o conftest  -O2 -std=c11 -Wall -pedantic -Wshadow -Wpointer-arith -Wmissing-prototypes -Wwrite-strings   conftest.c -lm  >&5
configure:5515: $? = 0
configure:5522: result: yes
configure:5534: checking whether to enable auto cleanup of libraries
configure:5549: result: no
configure:5588: checking whether to enable draft APIs
configure:5602: result: yes
configure:5653: checking for ranlib
configure:5669: found /usr/bin/ranlib
configure:5680: result: ranlib
configure:5704: checking for a sed that does not truncate output
configure:5768: result: /usr/bin/sed
configure:5818: checking for ar
configure:5834: found /usr/bin/ar
configure:5845: result: ar
configure:5868: checking whether to enable renaming of symbols
configure:5883: result: yes
configure:5887: checking whether to enable function and data tracing
configure:5902: result: no
configure:5909: checking elf.h usability
configure:5909: clang -c  -O2 -std=c11 -Wall -pedantic -Wshadow -Wpointer-arith -Wmissing-prototypes -Wwrite-strings  conftest.c >&5
conftest.c:54:10: fatal error: 'elf.h' file not found
#include <elf.h>
         ^~~~~~~
1 error generated.
configure:5909: $? = 1
configure: failed program was:
| /* confdefs.h */
| #define PACKAGE_NAME "ICU"
| #define PACKAGE_TARNAME "International Components for Unicode"
| #define PACKAGE_VERSION "71.1"
| #define PACKAGE_STRING "ICU 71.1"
| #define PACKAGE_BUGREPORT "http://icu-project.org/bugs"
| #define PACKAGE_URL "http://icu-project.org"
| #define STDC_HEADERS 1
| #define HAVE_SYS_TYPES_H 1
| #define HAVE_SYS_STAT_H 1
| #define HAVE_STDLIB_H 1
| #define HAVE_STRING_H 1
| #define HAVE_MEMORY_H 1
| #define HAVE_STRINGS_H 1
| #define HAVE_INTTYPES_H 1
| #define HAVE_STDINT_H 1
| #define HAVE_UNISTD_H 1
| #define SIZEOF_VOID_P 8
| #define HAVE_LIBM 1
| /* end confdefs.h.  */
| #include <stdio.h>
| #ifdef HAVE_SYS_TYPES_H
| # include <sys/types.h>
| #endif
| #ifdef HAVE_SYS_STAT_H
| # include <sys/stat.h>
| #endif
| #ifdef STDC_HEADERS
| # include <stdlib.h>
| # include <stddef.h>
| #else
| # ifdef HAVE_STDLIB_H
| #  include <stdlib.h>
| # endif
| #endif
| #ifdef HAVE_STRING_H
| # if !defined STDC_HEADERS && defined HAVE_MEMORY_H
| #  include <memory.h>
| # endif
| # include <string.h>
| #endif
| #ifdef HAVE_STRINGS_H
| # include <strings.h>
| #endif
| #ifdef HAVE_INTTYPES_H
| # include <inttypes.h>
| #endif
| #ifdef HAVE_STDINT_H
| # include <stdint.h>
| #endif
| #ifdef HAVE_UNISTD_H
| # include <unistd.h>
| #endif
| #include <elf.h>
configure:5909: result: no
configure:5909: checking elf.h presence
configure:5909: clang -E  conftest.c
conftest.c:21:10: fatal error: 'elf.h' file not found
#include <elf.h>
         ^~~~~~~
1 error generated.
configure:5909: $? = 1
configure: failed program was:
| /* confdefs.h */
| #define PACKAGE_NAME "ICU"
| #define PACKAGE_TARNAME "International Components for Unicode"
| #define PACKAGE_VERSION "71.1"
| #define PACKAGE_STRING "ICU 71.1"
| #define PACKAGE_BUGREPORT "http://icu-project.org/bugs"
| #define PACKAGE_URL "http://icu-project.org"
| #define STDC_HEADERS 1
| #define HAVE_SYS_TYPES_H 1
| #define HAVE_SYS_STAT_H 1
| #define HAVE_STDLIB_H 1
| #define HAVE_STRING_H 1
| #define HAVE_MEMORY_H 1
| #define HAVE_STRINGS_H 1
| #define HAVE_INTTYPES_H 1
| #define HAVE_STDINT_H 1
| #define HAVE_UNISTD_H 1
| #define SIZEOF_VOID_P 8
| #define HAVE_LIBM 1
| /* end confdefs.h.  */
| #include <elf.h>
configure:5909: result: no
configure:5909: checking for elf.h
configure:5909: result: no
configure:5952: checking whether to enable dynamic loading of plugins. Ignored if plugins disabled.
configure:5970: result: yes
configure:5977: checking dlfcn.h usability
configure:5977: clang -c  -O2 -std=c11 -Wall -pedantic -Wshadow -Wpointer-arith -Wmissing-prototypes -Wwrite-strings  conftest.c >&5
configure:5977: $? = 0
configure:5977: result: yes
configure:5977: checking dlfcn.h presence
configure:5977: clang -E  conftest.c
configure:5977: $? = 0
configure:5977: result: yes
configure:5977: checking for dlfcn.h
configure:5977: result: yes
configure:5988: checking for library containing dlopen
configure:6019: clang -o conftest  -O2 -std=c11 -Wall -pedantic -Wshadow -Wpointer-arith -Wmissing-prototypes -Wwrite-strings   conftest.c -lm  >&5
configure:6019: $? = 0
configure:6036: result: none required
configure:6046: checking for dlopen
configure:6046: clang -o conftest  -O2 -std=c11 -Wall -pedantic -Wshadow -Wpointer-arith -Wmissing-prototypes -Wwrite-strings   conftest.c -lm  >&5
configure:6046: $? = 0
configure:6046: result: yes
configure:6066: checking for gettimeofday
configure:6066: clang -o conftest  -O2 -std=c11 -Wall -pedantic -Wshadow -Wpointer-arith -Wmissing-prototypes -Wwrite-strings   conftest.c -lm  >&5
configure:6066: $? = 0
configure:6066: result: yes
configure:6100: checking if we have a C++ compiler
configure:6113: clang++ -c  -O2 -W -Wall -pedantic -Wpointer-arith -Wwrite-strings -Wno-long-long  conftest.cpp >&5
configure:6113: $? = 0
configure:6121: result: Good
configure:6135: checking if we have a C++11 compiler
configure:6148: clang++ -c  -O2 -W -Wall -pedantic -Wpointer-arith -Wwrite-strings -Wno-long-long -std=c++11  conftest.cpp >&5
configure:6148: $? = 0
configure:6154: result: yes
configure:6157: Adding CXXFLAGS option -std=c++11
configure:6182: checking for pthread_attr_init in -lpthread
configure:6207: clang -o conftest  -O2 -std=c11 -Wall -pedantic -Wshadow -Wpointer-arith -Wmissing-prototypes -Wwrite-strings   conftest.c -lpthread  -lm  >&5
configure:6207: $? = 0
configure:6216: result: yes
configure:6420: checking for mmap
configure:6439: clang -o conftest  -O2 -std=c11 -Wall -pedantic -Wshadow -Wpointer-arith -Wmissing-prototypes -Wwrite-strings   conftest.c -lpthread -lm  >&5
configure:6439: $? = 0
configure:6448: result: yes
configure:6458: checking for genccode assembly
configure:6495: result: 
configure:6501: checking for inttypes.h
configure:6501: result: yes
configure:6530: checking dirent.h usability
configure:6530: clang -c  -O2 -std=c11 -Wall -pedantic -Wshadow -Wpointer-arith -Wmissing-prototypes -Wwrite-strings  conftest.c >&5
configure:6530: $? = 0
configure:6530: result: yes
configure:6530: checking dirent.h presence
configure:6530: clang -E  conftest.c
configure:6530: $? = 0
configure:6530: result: yes
configure:6530: checking for dirent.h
configure:6530: result: yes
configure:6550: checking whether byte ordering is bigendian
configure:6565: clang -c  -O2 -std=c11 -Wall -pedantic -Wshadow -Wpointer-arith -Wmissing-prototypes -Wwrite-strings  conftest.c >&5
configure:6565: $? = 0
configure:6610: clang -c  -O2 -std=c11 -Wall -pedantic -Wshadow -Wpointer-arith -Wmissing-prototypes -Wwrite-strings  conftest.c >&5
configure:6610: $? = 0
configure:6628: clang -c  -O2 -std=c11 -Wall -pedantic -Wshadow -Wpointer-arith -Wmissing-prototypes -Wwrite-strings  conftest.c >&5
conftest.c:34:4: error: use of undeclared identifier 'not'
                 not big endian
                 ^
1 error generated.
configure:6628: $? = 1
configure: failed program was:
| /* confdefs.h */
| #define PACKAGE_NAME "ICU"
| #define PACKAGE_TARNAME "International Components for Unicode"
| #define PACKAGE_VERSION "71.1"
| #define PACKAGE_STRING "ICU 71.1"
| #define PACKAGE_BUGREPORT "http://icu-project.org/bugs"
| #define PACKAGE_URL "http://icu-project.org"
| #define STDC_HEADERS 1
| #define HAVE_SYS_TYPES_H 1
| #define HAVE_SYS_STAT_H 1
| #define HAVE_STDLIB_H 1
| #define HAVE_STRING_H 1
| #define HAVE_MEMORY_H 1
| #define HAVE_STRINGS_H 1
| #define HAVE_INTTYPES_H 1
| #define HAVE_STDINT_H 1
| #define HAVE_UNISTD_H 1
| #define SIZEOF_VOID_P 8
| #define HAVE_LIBM 1
| #define HAVE_DLFCN_H 1
| #define HAVE_DLOPEN 1
| #define HAVE_GETTIMEOFDAY 1
| #define HAVE_LIBPTHREAD 1
| #define HAVE_INTTYPES_H 1
| #define HAVE_DIRENT_H 1
| /* end confdefs.h.  */
| #include <sys/types.h>
| 		#include <sys/param.h>
| 
| int
| main ()
| {
| #if BYTE_ORDER != BIG_ENDIAN
| 		 not big endian
| 		#endif
| 
|   ;
|   return 0;
| }
configure:6756: result: no
configure:6786: checking for nl_langinfo
configure:6786: clang -o conftest  -O2 -std=c11 -Wall -pedantic -Wshadow -Wpointer-arith -Wmissing-prototypes -Wwrite-strings   conftest.c -lpthread -lm  >&5
configure:6786: $? = 0
configure:6786: result: yes
configure:6794: checking for nl_langinfo's argument to obtain the codeset
configure:6812: clang -o conftest  -O2 -std=c11 -Wall -pedantic -Wshadow -Wpointer-arith -Wmissing-prototypes -Wwrite-strings   conftest.c -lpthread -lm  >&5
configure:6812: $? = 0
configure:6819: result: CODESET
configure:6843: checking for namespace support
configure:6862: clang++ -o conftest  -O2 -W -Wall -pedantic -Wpointer-arith -Wwrite-strings -Wno-long-long -std=c++11   conftest.cpp -lpthread -lm  >&5
configure:6862: $? = 0
configure:6871: result: yes
configure:6878: checking for properly overriding new and delete
configure:6904: clang++ -o conftest  -O2 -W -Wall -pedantic -Wpointer-arith -Wwrite-strings -Wno-long-long -std=c++11   conftest.cpp -lpthread -lm  >&5
configure:6904: $? = 0
configure:6913: result: yes
configure:6918: checking for placement new and delete
configure:6944: clang++ -o conftest  -O2 -W -Wall -pedantic -Wpointer-arith -Wwrite-strings -Wno-long-long -std=c++11   conftest.cpp -lpthread -lm  >&5
configure:6944: $? = 0
configure:6953: result: yes
configure:6973: checking for popen
configure:6973: clang -o conftest  -O2 -std=c11 -Wall -pedantic -Wshadow -Wpointer-arith -Wmissing-prototypes -Wwrite-strings   conftest.c -lpthread -lm  >&5
configure:6973: $? = 0
configure:6973: result: yes
configure:6987: checking for tzset
configure:6987: clang -o conftest  -O2 -std=c11 -Wall -pedantic -Wshadow -Wpointer-arith -Wmissing-prototypes -Wwrite-strings   conftest.c -lpthread -lm  >&5
configure:6987: $? = 0
configure:6987: result: yes
configure:7015: checking for tzname
configure:7038: clang -o conftest  -O2 -std=c11 -Wall -pedantic -Wshadow -Wpointer-arith -Wmissing-prototypes -Wwrite-strings   conftest.c -lpthread -lm  >&5
configure:7038: $? = 0
configure:7046: result: yes
configure:7090: checking for timezone
configure:7110: clang -o conftest  -O2 -std=c11 -Wall -pedantic -Wshadow -Wpointer-arith -Wmissing-prototypes -Wwrite-strings   conftest.c -lpthread -lm  >&5
configure:7110: $? = 0
configure:7118: result: yes
configure:7192: checking for strtod_l
configure:7192: clang -o conftest  -O2 -std=c11 -Wall -pedantic -Wshadow -Wpointer-arith -Wmissing-prototypes -Wwrite-strings   conftest.c -lpthread -lm  >&5
configure:7192: $? = 0
configure:7192: result: yes
configure:7200: checking xlocale.h usability
configure:7200: clang -c  -O2 -std=c11 -Wall -pedantic -Wshadow -Wpointer-arith -Wmissing-prototypes -Wwrite-strings  conftest.c >&5
configure:7200: $? = 0
configure:7200: result: yes
configure:7200: checking xlocale.h presence
configure:7200: clang -E  conftest.c
configure:7200: $? = 0
configure:7200: result: yes
configure:7200: checking for xlocale.h
configure:7200: result: yes
configure:7226: checking for std::string_view
configure:7226: clang++ -c  -O2 -W -Wall -pedantic -Wpointer-arith -Wwrite-strings -Wno-long-long -std=c++11  conftest.cpp >&5
configure:7226: $? = 0
configure:7226: clang++ -c  -O2 -W -Wall -pedantic -Wpointer-arith -Wwrite-strings -Wno-long-long -std=c++11  conftest.cpp >&5
conftest.cpp:32:31: error: expected expression
if (sizeof ((std::string_view)))
                              ^
1 error generated.
configure:7226: $? = 1
configure: failed program was:
| /* confdefs.h */
| #define PACKAGE_NAME "ICU"
| #define PACKAGE_TARNAME "International Components for Unicode"
| #define PACKAGE_VERSION "71.1"
| #define PACKAGE_STRING "ICU 71.1"
| #define PACKAGE_BUGREPORT "http://icu-project.org/bugs"
| #define PACKAGE_URL "http://icu-project.org"
| #define STDC_HEADERS 1
| #define HAVE_SYS_TYPES_H 1
| #define HAVE_SYS_STAT_H 1
| #define HAVE_STDLIB_H 1
| #define HAVE_STRING_H 1
| #define HAVE_MEMORY_H 1
| #define HAVE_STRINGS_H 1
| #define HAVE_INTTYPES_H 1
| #define HAVE_STDINT_H 1
| #define HAVE_UNISTD_H 1
| #define SIZEOF_VOID_P 8
| #define HAVE_LIBM 1
| #define HAVE_DLFCN_H 1
| #define HAVE_DLOPEN 1
| #define HAVE_GETTIMEOFDAY 1
| #define HAVE_LIBPTHREAD 1
| #define HAVE_INTTYPES_H 1
| #define HAVE_DIRENT_H 1
| /* end confdefs.h.  */
| #include <string_view>
| 
| int
| main ()
| {
| if (sizeof ((std::string_view)))
| 	    return 0;
|   ;
|   return 0;
| }
configure:7226: result: yes
configure:7243: checking for int8_t
configure:7243: clang -c  -O2 -std=c11 -Wall -pedantic -Wshadow -Wpointer-arith -Wmissing-prototypes -Wwrite-strings  conftest.c >&5
configure:7243: $? = 0
configure:7243: clang -c  -O2 -std=c11 -Wall -pedantic -Wshadow -Wpointer-arith -Wmissing-prototypes -Wwrite-strings  conftest.c >&5
conftest.c:63:21: error: expected expression
if (sizeof ((int8_t)))
                    ^
1 error generated.
configure:7243: $? = 1
configure: failed program was:
| /* confdefs.h */
| #define PACKAGE_NAME "ICU"
| #define PACKAGE_TARNAME "International Components for Unicode"
| #define PACKAGE_VERSION "71.1"
| #define PACKAGE_STRING "ICU 71.1"
| #define PACKAGE_BUGREPORT "http://icu-project.org/bugs"
| #define PACKAGE_URL "http://icu-project.org"
| #define STDC_HEADERS 1
| #define HAVE_SYS_TYPES_H 1
| #define HAVE_SYS_STAT_H 1
| #define HAVE_STDLIB_H 1
| #define HAVE_STRING_H 1
| #define HAVE_MEMORY_H 1
| #define HAVE_STRINGS_H 1
| #define HAVE_INTTYPES_H 1
| #define HAVE_STDINT_H 1
| #define HAVE_UNISTD_H 1
| #define SIZEOF_VOID_P 8
| #define HAVE_LIBM 1
| #define HAVE_DLFCN_H 1
| #define HAVE_DLOPEN 1
| #define HAVE_GETTIMEOFDAY 1
| #define HAVE_LIBPTHREAD 1
| #define HAVE_INTTYPES_H 1
| #define HAVE_DIRENT_H 1
| /* end confdefs.h.  */
| #include <stdio.h>
| #ifdef HAVE_SYS_TYPES_H
| # include <sys/types.h>
| #endif
| #ifdef HAVE_SYS_STAT_H
| # include <sys/stat.h>
| #endif
| #ifdef STDC_HEADERS
| # include <stdlib.h>
| # include <stddef.h>
| #else
| # ifdef HAVE_STDLIB_H
| #  include <stdlib.h>
| # endif
| #endif
| #ifdef HAVE_STRING_H
| # if !defined STDC_HEADERS && defined HAVE_MEMORY_H
| #  include <memory.h>
| # endif
| # include <string.h>
| #endif
| #ifdef HAVE_STRINGS_H
| # include <strings.h>
| #endif
| #ifdef HAVE_INTTYPES_H
| # include <inttypes.h>
| #endif
| #ifdef HAVE_STDINT_H
| # include <stdint.h>
| #endif
| #ifdef HAVE_UNISTD_H
| # include <unistd.h>
| #endif
| int
| main ()
| {
| if (sizeof ((int8_t)))
| 	    return 0;
|   ;
|   return 0;
| }
configure:7243: result: yes
configure:7254: checking for uint8_t
configure:7254: clang -c  -O2 -std=c11 -Wall -pedantic -Wshadow -Wpointer-arith -Wmissing-prototypes -Wwrite-strings  conftest.c >&5
configure:7254: $? = 0
configure:7254: clang -c  -O2 -std=c11 -Wall -pedantic -Wshadow -Wpointer-arith -Wmissing-prototypes -Wwrite-strings  conftest.c >&5
conftest.c:63:22: error: expected expression
if (sizeof ((uint8_t)))
                     ^
1 error generated.
configure:7254: $? = 1
configure: failed program was:
| /* confdefs.h */
| #define PACKAGE_NAME "ICU"
| #define PACKAGE_TARNAME "International Components for Unicode"
| #define PACKAGE_VERSION "71.1"
| #define PACKAGE_STRING "ICU 71.1"
| #define PACKAGE_BUGREPORT "http://icu-project.org/bugs"
| #define PACKAGE_URL "http://icu-project.org"
| #define STDC_HEADERS 1
| #define HAVE_SYS_TYPES_H 1
| #define HAVE_SYS_STAT_H 1
| #define HAVE_STDLIB_H 1
| #define HAVE_STRING_H 1
| #define HAVE_MEMORY_H 1
| #define HAVE_STRINGS_H 1
| #define HAVE_INTTYPES_H 1
| #define HAVE_STDINT_H 1
| #define HAVE_UNISTD_H 1
| #define SIZEOF_VOID_P 8
| #define HAVE_LIBM 1
| #define HAVE_DLFCN_H 1
| #define HAVE_DLOPEN 1
| #define HAVE_GETTIMEOFDAY 1
| #define HAVE_LIBPTHREAD 1
| #define HAVE_INTTYPES_H 1
| #define HAVE_DIRENT_H 1
| /* end confdefs.h.  */
| #include <stdio.h>
| #ifdef HAVE_SYS_TYPES_H
| # include <sys/types.h>
| #endif
| #ifdef HAVE_SYS_STAT_H
| # include <sys/stat.h>
| #endif
| #ifdef STDC_HEADERS
| # include <stdlib.h>
| # include <stddef.h>
| #else
| # ifdef HAVE_STDLIB_H
| #  include <stdlib.h>
| # endif
| #endif
| #ifdef HAVE_STRING_H
| # if !defined STDC_HEADERS && defined HAVE_MEMORY_H
| #  include <memory.h>
| # endif
| # include <string.h>
| #endif
| #ifdef HAVE_STRINGS_H
| # include <strings.h>
| #endif
| #ifdef HAVE_INTTYPES_H
| # include <inttypes.h>
| #endif
| #ifdef HAVE_STDINT_H
| # include <stdint.h>
| #endif
| #ifdef HAVE_UNISTD_H
| # include <unistd.h>
| #endif
| int
| main ()
| {
| if (sizeof ((uint8_t)))
| 	    return 0;
|   ;
|   return 0;
| }
configure:7254: result: yes
configure:7265: checking for int16_t
configure:7265: clang -c  -O2 -std=c11 -Wall -pedantic -Wshadow -Wpointer-arith -Wmissing-prototypes -Wwrite-strings  conftest.c >&5
configure:7265: $? = 0
configure:7265: clang -c  -O2 -std=c11 -Wall -pedantic -Wshadow -Wpointer-arith -Wmissing-prototypes -Wwrite-strings  conftest.c >&5
conftest.c:63:22: error: expected expression
if (sizeof ((int16_t)))
                     ^
1 error generated.
configure:7265: $? = 1
configure: failed program was:
| /* confdefs.h */
| #define PACKAGE_NAME "ICU"
| #define PACKAGE_TARNAME "International Components for Unicode"
| #define PACKAGE_VERSION "71.1"
| #define PACKAGE_STRING "ICU 71.1"
| #define PACKAGE_BUGREPORT "http://icu-project.org/bugs"
| #define PACKAGE_URL "http://icu-project.org"
| #define STDC_HEADERS 1
| #define HAVE_SYS_TYPES_H 1
| #define HAVE_SYS_STAT_H 1
| #define HAVE_STDLIB_H 1
| #define HAVE_STRING_H 1
| #define HAVE_MEMORY_H 1
| #define HAVE_STRINGS_H 1
| #define HAVE_INTTYPES_H 1
| #define HAVE_STDINT_H 1
| #define HAVE_UNISTD_H 1
| #define SIZEOF_VOID_P 8
| #define HAVE_LIBM 1
| #define HAVE_DLFCN_H 1
| #define HAVE_DLOPEN 1
| #define HAVE_GETTIMEOFDAY 1
| #define HAVE_LIBPTHREAD 1
| #define HAVE_INTTYPES_H 1
| #define HAVE_DIRENT_H 1
| /* end confdefs.h.  */
| #include <stdio.h>
| #ifdef HAVE_SYS_TYPES_H
| # include <sys/types.h>
| #endif
| #ifdef HAVE_SYS_STAT_H
| # include <sys/stat.h>
| #endif
| #ifdef STDC_HEADERS
| # include <stdlib.h>
| # include <stddef.h>
| #else
| # ifdef HAVE_STDLIB_H
| #  include <stdlib.h>
| # endif
| #endif
| #ifdef HAVE_STRING_H
| # if !defined STDC_HEADERS && defined HAVE_MEMORY_H
| #  include <memory.h>
| # endif
| # include <string.h>
| #endif
| #ifdef HAVE_STRINGS_H
| # include <strings.h>
| #endif
| #ifdef HAVE_INTTYPES_H
| # include <inttypes.h>
| #endif
| #ifdef HAVE_STDINT_H
| # include <stdint.h>
| #endif
| #ifdef HAVE_UNISTD_H
| # include <unistd.h>
| #endif
| int
| main ()
| {
| if (sizeof ((int16_t)))
| 	    return 0;
|   ;
|   return 0;
| }
configure:7265: result: yes
configure:7276: checking for uint16_t
configure:7276: clang -c  -O2 -std=c11 -Wall -pedantic -Wshadow -Wpointer-arith -Wmissing-prototypes -Wwrite-strings  conftest.c >&5
configure:7276: $? = 0
configure:7276: clang -c  -O2 -std=c11 -Wall -pedantic -Wshadow -Wpointer-arith -Wmissing-prototypes -Wwrite-strings  conftest.c >&5
conftest.c:63:23: error: expected expression
if (sizeof ((uint16_t)))
                      ^
1 error generated.
configure:7276: $? = 1
configure: failed program was:
| /* confdefs.h */
| #define PACKAGE_NAME "ICU"
| #define PACKAGE_TARNAME "International Components for Unicode"
| #define PACKAGE_VERSION "71.1"
| #define PACKAGE_STRING "ICU 71.1"
| #define PACKAGE_BUGREPORT "http://icu-project.org/bugs"
| #define PACKAGE_URL "http://icu-project.org"
| #define STDC_HEADERS 1
| #define HAVE_SYS_TYPES_H 1
| #define HAVE_SYS_STAT_H 1
| #define HAVE_STDLIB_H 1
| #define HAVE_STRING_H 1
| #define HAVE_MEMORY_H 1
| #define HAVE_STRINGS_H 1
| #define HAVE_INTTYPES_H 1
| #define HAVE_STDINT_H 1
| #define HAVE_UNISTD_H 1
| #define SIZEOF_VOID_P 8
| #define HAVE_LIBM 1
| #define HAVE_DLFCN_H 1
| #define HAVE_DLOPEN 1
| #define HAVE_GETTIMEOFDAY 1
| #define HAVE_LIBPTHREAD 1
| #define HAVE_INTTYPES_H 1
| #define HAVE_DIRENT_H 1
| /* end confdefs.h.  */
| #include <stdio.h>
| #ifdef HAVE_SYS_TYPES_H
| # include <sys/types.h>
| #endif
| #ifdef HAVE_SYS_STAT_H
| # include <sys/stat.h>
| #endif
| #ifdef STDC_HEADERS
| # include <stdlib.h>
| # include <stddef.h>
| #else
| # ifdef HAVE_STDLIB_H
| #  include <stdlib.h>
| # endif
| #endif
| #ifdef HAVE_STRING_H
| # if !defined STDC_HEADERS && defined HAVE_MEMORY_H
| #  include <memory.h>
| # endif
| # include <string.h>
| #endif
| #ifdef HAVE_STRINGS_H
| # include <strings.h>
| #endif
| #ifdef HAVE_INTTYPES_H
| # include <inttypes.h>
| #endif
| #ifdef HAVE_STDINT_H
| # include <stdint.h>
| #endif
| #ifdef HAVE_UNISTD_H
| # include <unistd.h>
| #endif
| int
| main ()
| {
| if (sizeof ((uint16_t)))
| 	    return 0;
|   ;
|   return 0;
| }
configure:7276: result: yes
configure:7287: checking for int32_t
configure:7287: clang -c  -O2 -std=c11 -Wall -pedantic -Wshadow -Wpointer-arith -Wmissing-prototypes -Wwrite-strings  conftest.c >&5
configure:7287: $? = 0
configure:7287: clang -c  -O2 -std=c11 -Wall -pedantic -Wshadow -Wpointer-arith -Wmissing-prototypes -Wwrite-strings  conftest.c >&5
conftest.c:63:22: error: expected expression
if (sizeof ((int32_t)))
                     ^
1 error generated.
configure:7287: $? = 1
configure: failed program was:
| /* confdefs.h */
| #define PACKAGE_NAME "ICU"
| #define PACKAGE_TARNAME "International Components for Unicode"
| #define PACKAGE_VERSION "71.1"
| #define PACKAGE_STRING "ICU 71.1"
| #define PACKAGE_BUGREPORT "http://icu-project.org/bugs"
| #define PACKAGE_URL "http://icu-project.org"
| #define STDC_HEADERS 1
| #define HAVE_SYS_TYPES_H 1
| #define HAVE_SYS_STAT_H 1
| #define HAVE_STDLIB_H 1
| #define HAVE_STRING_H 1
| #define HAVE_MEMORY_H 1
| #define HAVE_STRINGS_H 1
| #define HAVE_INTTYPES_H 1
| #define HAVE_STDINT_H 1
| #define HAVE_UNISTD_H 1
| #define SIZEOF_VOID_P 8
| #define HAVE_LIBM 1
| #define HAVE_DLFCN_H 1
| #define HAVE_DLOPEN 1
| #define HAVE_GETTIMEOFDAY 1
| #define HAVE_LIBPTHREAD 1
| #define HAVE_INTTYPES_H 1
| #define HAVE_DIRENT_H 1
| /* end confdefs.h.  */
| #include <stdio.h>
| #ifdef HAVE_SYS_TYPES_H
| # include <sys/types.h>
| #endif
| #ifdef HAVE_SYS_STAT_H
| # include <sys/stat.h>
| #endif
| #ifdef STDC_HEADERS
| # include <stdlib.h>
| # include <stddef.h>
| #else
| # ifdef HAVE_STDLIB_H
| #  include <stdlib.h>
| # endif
| #endif
| #ifdef HAVE_STRING_H
| # if !defined STDC_HEADERS && defined HAVE_MEMORY_H
| #  include <memory.h>
| # endif
| # include <string.h>
| #endif
| #ifdef HAVE_STRINGS_H
| # include <strings.h>
| #endif
| #ifdef HAVE_INTTYPES_H
| # include <inttypes.h>
| #endif
| #ifdef HAVE_STDINT_H
| # include <stdint.h>
| #endif
| #ifdef HAVE_UNISTD_H
| # include <unistd.h>
| #endif
| int
| main ()
| {
| if (sizeof ((int32_t)))
| 	    return 0;
|   ;
|   return 0;
| }
configure:7287: result: yes
configure:7298: checking for uint32_t
configure:7298: clang -c  -O2 -std=c11 -Wall -pedantic -Wshadow -Wpointer-arith -Wmissing-prototypes -Wwrite-strings  conftest.c >&5
configure:7298: $? = 0
configure:7298: clang -c  -O2 -std=c11 -Wall -pedantic -Wshadow -Wpointer-arith -Wmissing-prototypes -Wwrite-strings  conftest.c >&5
conftest.c:63:23: error: expected expression
if (sizeof ((uint32_t)))
                      ^
1 error generated.
configure:7298: $? = 1
configure: failed program was:
| /* confdefs.h */
| #define PACKAGE_NAME "ICU"
| #define PACKAGE_TARNAME "International Components for Unicode"
| #define PACKAGE_VERSION "71.1"
| #define PACKAGE_STRING "ICU 71.1"
| #define PACKAGE_BUGREPORT "http://icu-project.org/bugs"
| #define PACKAGE_URL "http://icu-project.org"
| #define STDC_HEADERS 1
| #define HAVE_SYS_TYPES_H 1
| #define HAVE_SYS_STAT_H 1
| #define HAVE_STDLIB_H 1
| #define HAVE_STRING_H 1
| #define HAVE_MEMORY_H 1
| #define HAVE_STRINGS_H 1
| #define HAVE_INTTYPES_H 1
| #define HAVE_STDINT_H 1
| #define HAVE_UNISTD_H 1
| #define SIZEOF_VOID_P 8
| #define HAVE_LIBM 1
| #define HAVE_DLFCN_H 1
| #define HAVE_DLOPEN 1
| #define HAVE_GETTIMEOFDAY 1
| #define HAVE_LIBPTHREAD 1
| #define HAVE_INTTYPES_H 1
| #define HAVE_DIRENT_H 1
| /* end confdefs.h.  */
| #include <stdio.h>
| #ifdef HAVE_SYS_TYPES_H
| # include <sys/types.h>
| #endif
| #ifdef HAVE_SYS_STAT_H
| # include <sys/stat.h>
| #endif
| #ifdef STDC_HEADERS
| # include <stdlib.h>
| # include <stddef.h>
| #else
| # ifdef HAVE_STDLIB_H
| #  include <stdlib.h>
| # endif
| #endif
| #ifdef HAVE_STRING_H
| # if !defined STDC_HEADERS && defined HAVE_MEMORY_H
| #  include <memory.h>
| # endif
| # include <string.h>
| #endif
| #ifdef HAVE_STRINGS_H
| # include <strings.h>
| #endif
| #ifdef HAVE_INTTYPES_H
| # include <inttypes.h>
| #endif
| #ifdef HAVE_STDINT_H
| # include <stdint.h>
| #endif
| #ifdef HAVE_UNISTD_H
| # include <unistd.h>
| #endif
| int
| main ()
| {
| if (sizeof ((uint32_t)))
| 	    return 0;
|   ;
|   return 0;
| }
configure:7298: result: yes
configure:7309: checking for int64_t
configure:7309: clang -c  -O2 -std=c11 -Wall -pedantic -Wshadow -Wpointer-arith -Wmissing-prototypes -Wwrite-strings  conftest.c >&5
configure:7309: $? = 0
configure:7309: clang -c  -O2 -std=c11 -Wall -pedantic -Wshadow -Wpointer-arith -Wmissing-prototypes -Wwrite-strings  conftest.c >&5
conftest.c:63:22: error: expected expression
if (sizeof ((int64_t)))
                     ^
1 error generated.
configure:7309: $? = 1
configure: failed program was:
| /* confdefs.h */
| #define PACKAGE_NAME "ICU"
| #define PACKAGE_TARNAME "International Components for Unicode"
| #define PACKAGE_VERSION "71.1"
| #define PACKAGE_STRING "ICU 71.1"
| #define PACKAGE_BUGREPORT "http://icu-project.org/bugs"
| #define PACKAGE_URL "http://icu-project.org"
| #define STDC_HEADERS 1
| #define HAVE_SYS_TYPES_H 1
| #define HAVE_SYS_STAT_H 1
| #define HAVE_STDLIB_H 1
| #define HAVE_STRING_H 1
| #define HAVE_MEMORY_H 1
| #define HAVE_STRINGS_H 1
| #define HAVE_INTTYPES_H 1
| #define HAVE_STDINT_H 1
| #define HAVE_UNISTD_H 1
| #define SIZEOF_VOID_P 8
| #define HAVE_LIBM 1
| #define HAVE_DLFCN_H 1
| #define HAVE_DLOPEN 1
| #define HAVE_GETTIMEOFDAY 1
| #define HAVE_LIBPTHREAD 1
| #define HAVE_INTTYPES_H 1
| #define HAVE_DIRENT_H 1
| /* end confdefs.h.  */
| #include <stdio.h>
| #ifdef HAVE_SYS_TYPES_H
| # include <sys/types.h>
| #endif
| #ifdef HAVE_SYS_STAT_H
| # include <sys/stat.h>
| #endif
| #ifdef STDC_HEADERS
| # include <stdlib.h>
| # include <stddef.h>
| #else
| # ifdef HAVE_STDLIB_H
| #  include <stdlib.h>
| # endif
| #endif
| #ifdef HAVE_STRING_H
| # if !defined STDC_HEADERS && defined HAVE_MEMORY_H
| #  include <memory.h>
| # endif
| # include <string.h>
| #endif
| #ifdef HAVE_STRINGS_H
| # include <strings.h>
| #endif
| #ifdef HAVE_INTTYPES_H
| # include <inttypes.h>
| #endif
| #ifdef HAVE_STDINT_H
| # include <stdint.h>
| #endif
| #ifdef HAVE_UNISTD_H
| # include <unistd.h>
| #endif
| int
| main ()
| {
| if (sizeof ((int64_t)))
| 	    return 0;
|   ;
|   return 0;
| }
configure:7309: result: yes
configure:7320: checking for uint64_t
configure:7320: clang -c  -O2 -std=c11 -Wall -pedantic -Wshadow -Wpointer-arith -Wmissing-prototypes -Wwrite-strings  conftest.c >&5
configure:7320: $? = 0
configure:7320: clang -c  -O2 -std=c11 -Wall -pedantic -Wshadow -Wpointer-arith -Wmissing-prototypes -Wwrite-strings  conftest.c >&5
conftest.c:63:23: error: expected expression
if (sizeof ((uint64_t)))
                      ^
1 error generated.
configure:7320: $? = 1
configure: failed program was:
| /* confdefs.h */
| #define PACKAGE_NAME "ICU"
| #define PACKAGE_TARNAME "International Components for Unicode"
| #define PACKAGE_VERSION "71.1"
| #define PACKAGE_STRING "ICU 71.1"
| #define PACKAGE_BUGREPORT "http://icu-project.org/bugs"
| #define PACKAGE_URL "http://icu-project.org"
| #define STDC_HEADERS 1
| #define HAVE_SYS_TYPES_H 1
| #define HAVE_SYS_STAT_H 1
| #define HAVE_STDLIB_H 1
| #define HAVE_STRING_H 1
| #define HAVE_MEMORY_H 1
| #define HAVE_STRINGS_H 1
| #define HAVE_INTTYPES_H 1
| #define HAVE_STDINT_H 1
| #define HAVE_UNISTD_H 1
| #define SIZEOF_VOID_P 8
| #define HAVE_LIBM 1
| #define HAVE_DLFCN_H 1
| #define HAVE_DLOPEN 1
| #define HAVE_GETTIMEOFDAY 1
| #define HAVE_LIBPTHREAD 1
| #define HAVE_INTTYPES_H 1
| #define HAVE_DIRENT_H 1
| /* end confdefs.h.  */
| #include <stdio.h>
| #ifdef HAVE_SYS_TYPES_H
| # include <sys/types.h>
| #endif
| #ifdef HAVE_SYS_STAT_H
| # include <sys/stat.h>
| #endif
| #ifdef STDC_HEADERS
| # include <stdlib.h>
| # include <stddef.h>
| #else
| # ifdef HAVE_STDLIB_H
| #  include <stdlib.h>
| # endif
| #endif
| #ifdef HAVE_STRING_H
| # if !defined STDC_HEADERS && defined HAVE_MEMORY_H
| #  include <memory.h>
| # endif
| # include <string.h>
| #endif
| #ifdef HAVE_STRINGS_H
| # include <strings.h>
| #endif
| #ifdef HAVE_INTTYPES_H
| # include <inttypes.h>
| #endif
| #ifdef HAVE_STDINT_H
| # include <stdint.h>
| #endif
| #ifdef HAVE_UNISTD_H
| # include <unistd.h>
| #endif
| int
| main ()
| {
| if (sizeof ((uint64_t)))
| 	    return 0;
|   ;
|   return 0;
| }
configure:7320: result: yes
configure:7365: checking wchar.h usability
configure:7365: clang -c  -O2 -std=c11 -Wall -pedantic -Wshadow -Wpointer-arith -Wmissing-prototypes -Wwrite-strings  conftest.c >&5
configure:7365: $? = 0
configure:7365: result: yes
configure:7365: checking wchar.h presence
configure:7365: clang -E  conftest.c
configure:7365: $? = 0
configure:7365: result: yes
configure:7365: checking for wchar.h
configure:7365: result: yes
configure:7382: checking for library containing wcscpy
configure:7413: clang -o conftest  -O2 -std=c11 -Wall -pedantic -Wshadow -Wpointer-arith -Wmissing-prototypes -Wwrite-strings   conftest.c -lpthread -lm  >&5
configure:7413: $? = 0
configure:7430: result: none required
configure:7452: checking size of wchar_t
configure:7457: clang -o conftest  -O2 -std=c11 -Wall -pedantic -Wshadow -Wpointer-arith -Wmissing-prototypes -Wwrite-strings   conftest.c -lpthread -lm  >&5
configure:7457: $? = 0
configure:7457: ./conftest
configure:7457: $? = 0
configure:7480: result: 4
configure:7498: checking for UTF-16 string literal support
configure:7606: clang -c  -O2 -std=c11 -Wall -pedantic -Wshadow -Wpointer-arith -Wmissing-prototypes -Wwrite-strings  conftest.c >&5
conftest.c:30:29: warning: unused variable 'test' [-Wunused-const-variable]
static const unsigned short test[] = u"This is a UTF16 literal string.";
                            ^
1 warning generated.
configure:7606: $? = 0
configure:7637: clang++ -c  -O2 -W -Wall -pedantic -Wpointer-arith -Wwrite-strings -Wno-long-long -std=c++11  conftest.cpp >&5
conftest.cpp:30:23: warning: unused variable 'test' [-Wunused-const-variable]
static const char16_t test[] = u"This is a UTF16 literal string.";
                      ^
1 warning generated.
configure:7637: $? = 0
configure:7658: result: available
configure:7865: checking for a library suffix to use
configure:7879: result: none
configure:7988: checking whether C++ compiler accepts -Wambiguous-reversed-operator
configure:8007: clang++ -c  -O2 -W -Wall -pedantic -Wpointer-arith -Wwrite-strings -Wno-long-long -std=c++11 -Werror -Wambiguous-reversed-operator  conftest.cpp >&5
configure:8007: $? = 0
configure:8015: result: yes
configure:8212: creating ./config.status

## ---------------------- ##
## Running config.status. ##
## ---------------------- ##

This file was extended by ICU config.status 71.1, which was
generated by GNU Autoconf 2.69.  Invocation command line was

  CONFIG_FILES    = 
  CONFIG_HEADERS  = 
  CONFIG_LINKS    = 
  CONFIG_COMMANDS = 
  $ ./config.status 

on Danieles-MBP.lan

config.status:901: creating icudefs.mk
config.status:901: creating Makefile
config.status:901: creating data/pkgdataMakefile
config.status:901: creating config/Makefile.inc
config.status:901: creating config/icu.pc
config.status:901: creating config/pkgdataMakefile
config.status:901: creating data/Makefile
config.status:901: creating stubdata/Makefile
config.status:901: creating common/Makefile
config.status:901: creating i18n/Makefile
config.status:901: creating layoutex/Makefile
config.status:901: creating io/Makefile
config.status:901: creating extra/Makefile
config.status:901: creating extra/uconv/Makefile
config.status:901: creating extra/uconv/pkgdataMakefile
config.status:901: creating extra/scrptrun/Makefile
config.status:901: creating tools/Makefile
config.status:901: creating tools/ctestfw/Makefile
config.status:901: creating tools/toolutil/Makefile
config.status:901: creating tools/makeconv/Makefile
config.status:901: creating tools/genrb/Makefile
config.status:901: creating tools/genccode/Makefile
config.status:901: creating tools/gencmn/Makefile
config.status:901: creating tools/gencnval/Makefile
config.status:901: creating tools/gendict/Makefile
config.status:901: creating tools/gentest/Makefile
config.status:901: creating tools/gennorm2/Makefile
config.status:901: creating tools/genbrk/Makefile
config.status:901: creating tools/gensprep/Makefile
config.status:901: creating tools/icuinfo/Makefile
config.status:901: creating tools/icupkg/Makefile
config.status:901: creating tools/icuswap/Makefile
config.status:901: creating tools/pkgdata/Makefile
config.status:901: creating tools/icuexportdata/Makefile
config.status:901: creating tools/tzcode/Makefile
config.status:901: creating tools/gencfu/Makefile
config.status:901: creating tools/escapesrc/Makefile
config.status:901: creating test/Makefile
config.status:901: creating test/compat/Makefile
config.status:901: creating test/testdata/Makefile
config.status:901: creating test/testdata/pkgdataMakefile
config.status:901: creating test/hdrtst/Makefile
config.status:901: creating test/intltest/Makefile
config.status:901: creating test/cintltst/Makefile
config.status:901: creating test/iotest/Makefile
config.status:901: creating test/letest/Makefile
config.status:901: creating test/perf/Makefile
config.status:901: creating test/perf/collationperf/Makefile
config.status:901: creating test/perf/collperf/Makefile
config.status:901: creating test/perf/collperf2/Makefile
config.status:901: creating test/perf/dicttrieperf/Makefile
config.status:901: creating test/perf/ubrkperf/Makefile
config.status:901: creating test/perf/charperf/Makefile
config.status:901: creating test/perf/convperf/Makefile
config.status:901: creating test/perf/localecanperf/Makefile
config.status:901: creating test/perf/normperf/Makefile
config.status:901: creating test/perf/DateFmtPerf/Makefile
config.status:901: creating test/perf/howExpensiveIs/Makefile
config.status:901: creating test/perf/strsrchperf/Makefile
config.status:901: creating test/perf/unisetperf/Makefile
config.status:901: creating test/perf/usetperf/Makefile
config.status:901: creating test/perf/ustrperf/Makefile
config.status:901: creating test/perf/utfperf/Makefile
config.status:901: creating test/perf/utrie2perf/Makefile
config.status:901: creating test/perf/leperf/Makefile
config.status:901: creating test/fuzzer/Makefile
config.status:901: creating samples/Makefile
config.status:901: creating samples/date/Makefile
config.status:901: creating samples/cal/Makefile
config.status:901: creating samples/layout/Makefile
configure:9348: checking the version of "/usr/bin/gnumake"
configure:9351: result: ok

## ---------------- ##
## Cache variables. ##
## ---------------- ##

ac_cv_build=arm-apple-darwin21.3.0
ac_cv_c_bigendian=no
ac_cv_c_compiler_gnu=yes
ac_cv_cxx_compiler_gnu=yes
ac_cv_env_CCC_set=
ac_cv_env_CCC_value=
ac_cv_env_CC_set=
ac_cv_env_CC_value=
ac_cv_env_CFLAGS_set=
ac_cv_env_CFLAGS_value=
ac_cv_env_CPPFLAGS_set=
ac_cv_env_CPPFLAGS_value=
ac_cv_env_CPP_set=
ac_cv_env_CPP_value=
ac_cv_env_CXXFLAGS_set=
ac_cv_env_CXXFLAGS_value=
ac_cv_env_CXX_set=
ac_cv_env_CXX_value=
ac_cv_env_ICULEHB_CFLAGS_set=
ac_cv_env_ICULEHB_CFLAGS_value=
ac_cv_env_ICULEHB_LIBS_set=
ac_cv_env_ICULEHB_LIBS_value=
ac_cv_env_LDFLAGS_set=
ac_cv_env_LDFLAGS_value=
ac_cv_env_LIBS_set=
ac_cv_env_LIBS_value=
ac_cv_env_PKG_CONFIG_LIBDIR_set=
ac_cv_env_PKG_CONFIG_LIBDIR_value=
ac_cv_env_PKG_CONFIG_PATH_set=
ac_cv_env_PKG_CONFIG_PATH_value=
ac_cv_env_PKG_CONFIG_set=
ac_cv_env_PKG_CONFIG_value=
ac_cv_env_build_alias_set=
ac_cv_env_build_alias_value=
ac_cv_env_host_alias_set=
ac_cv_env_host_alias_value=
ac_cv_env_target_alias_set=
ac_cv_env_target_alias_value=
ac_cv_func_dlopen=yes
ac_cv_func_gettimeofday=yes
ac_cv_func_mmap_ok=yes
ac_cv_func_nl_langinfo=yes
ac_cv_func_popen=yes
ac_cv_func_strtod_l=yes
ac_cv_func_tzset=yes
ac_cv_header_dirent_h=yes
ac_cv_header_dlfcn_h=yes
ac_cv_header_elf_h=no
ac_cv_header_inttypes_h=yes
ac_cv_header_memory_h=yes
ac_cv_header_stdc=yes
ac_cv_header_stdint_h=yes
ac_cv_header_stdlib_h=yes
ac_cv_header_string_h=yes
ac_cv_header_strings_h=yes
ac_cv_header_sys_stat_h=yes
ac_cv_header_sys_types_h=yes
ac_cv_header_unistd_h=yes
ac_cv_header_wchar_h=yes
ac_cv_header_xlocale_h=yes
ac_cv_host=arm-apple-darwin21.3.0
ac_cv_lib_m_floor=yes
ac_cv_lib_pthread_pthread_attr_init=yes
ac_cv_namespace_ok=yes
ac_cv_nl_langinfo_codeset=CODESET
ac_cv_objext=o
ac_cv_override_cxx_allocation_ok=yes
ac_cv_override_placement_new_ok=yes
ac_cv_path_EGREP='/usr/bin/grep -E'
ac_cv_path_GREP=/usr/bin/grep
ac_cv_path_SED=/usr/bin/sed
ac_cv_path_U_MAKE=/usr/bin/gnumake
ac_cv_path_install='/usr/bin/install -c'
ac_cv_prog_CPP='clang -E'
ac_cv_prog_PYTHON=python3
ac_cv_prog_ac_ct_AR=ar
ac_cv_prog_ac_ct_CC=clang
ac_cv_prog_ac_ct_CXX=clang++
ac_cv_prog_ac_ct_RANLIB=ranlib
ac_cv_prog_cc_c89=
ac_cv_prog_cc_g=yes
ac_cv_prog_cxx_g=yes
ac_cv_search_dlopen='none required'
ac_cv_search_wcscpy='none required'
ac_cv_sizeof_void_p=8
ac_cv_sizeof_wchar_t=4
ac_cv_type_int16_t=yes
ac_cv_type_int32_t=yes
ac_cv_type_int64_t=yes
ac_cv_type_int8_t=yes
ac_cv_type_std__string_view=yes
ac_cv_type_uint16_t=yes
ac_cv_type_uint32_t=yes
ac_cv_type_uint64_t=yes
ac_cv_type_uint8_t=yes
ac_cv_var_timezone=yes
ac_cv_var_tzname=yes
ax_cv_check_cxxflags__Werror__Wambiguous_reversed_operator=yes
icu_cv_host_frag=mh-darwin

## ----------------- ##
## Output variables. ##
## ----------------- ##

AR='ar'
ARFLAGS=''
CC='clang'
CFLAGS=' -O2 -std=c11 -Wall -pedantic -Wshadow -Wpointer-arith -Wmissing-prototypes -Wwrite-strings $(THREADSCFLAGS) -Qunused-arguments -Wno-parentheses-equality'
COMPILE_LINK_ENVVAR=''
CPP='clang -E'
CPPFLAGS=' $(THREADSCPPFLAGS)  -DU_HAVE_STRTOD_L=1 -DU_HAVE_XLOCALE_H=1 -DU_HAVE_STRING_VIEW=1 '
CXX='clang++'
CXXFLAGS=' -O2 -W -Wall -pedantic -Wpointer-arith -Wwrite-strings -Wno-long-long -std=c++11 -Wno-ambiguous-reversed-operator $(THREADSCXXFLAGS) -Qunused-arguments -Wno-parentheses-equality'
DATA_PACKAGING_MODE='static'
DATA_TRUE=''
DEFS='-DPACKAGE_NAME=\"ICU\" -DPACKAGE_TARNAME=\"International\ Components\ for\ Unicode\" -DPACKAGE_VERSION=\"71.1\" -DPACKAGE_STRING=\"ICU\ 71.1\" -DPACKAGE_BUGREPORT=\"http://icu-project.org/bugs\" -DPACKAGE_URL=\"http://icu-project.org\" -DSTDC_HEADERS=1 -DHAVE_SYS_TYPES_H=1 -DHAVE_SYS_STAT_H=1 -DHAVE_STDLIB_H=1 -DHAVE_STRING_H=1 -DHAVE_MEMORY_H=1 -DHAVE_STRINGS_H=1 -DHAVE_INTTYPES_H=1 -DHAVE_STDINT_H=1 -DHAVE_UNISTD_H=1 -DSIZEOF_VOID_P=8 -DHAVE_LIBM=1 -DHAVE_DLFCN_H=1 -DHAVE_DLOPEN=1 -DHAVE_GETTIMEOFDAY=1 -DHAVE_LIBPTHREAD=1 -DHAVE_INTTYPES_H=1 -DHAVE_DIRENT_H=1 -DHAVE_WCHAR_H=1 -DSIZEOF_WCHAR_T=4'
DOXYGEN=''
ECHO_C='\c'
ECHO_N=''
ECHO_T=''
EGREP='/usr/bin/grep -E'
ENABLE_DEBUG='0'
ENABLE_RELEASE='1'
ENABLE_RPATH='NO'
ENABLE_SHARED=''
ENABLE_STATIC='YES'
EXEEXT=''
EXTRAS_TRUE=''
FUZZER_TRUE='#'
GENCCODE_ASSEMBLY=''
GREP='/usr/bin/grep'
HAVE_MMAP='1'
ICUDATA_CHAR='l'
ICUIO_TRUE=''
ICULEHB_CFLAGS=''
ICULEHB_LIBS=''
ICULIBSUFFIX=''
ICULIBSUFFIXCNAME=''
ICU_ECHO_C='\c'
ICU_ECHO_N=''
ICU_ECHO_T=''
INSTALL_DATA='${INSTALL} -m 644'
INSTALL_ICU_CONFIG='true'
INSTALL_PROGRAM='${INSTALL}'
INSTALL_SCRIPT='${INSTALL}'
LAYOUTEX_TRUE='#'
LDFLAGS=''
LIBCFLAGS=''
LIBCXXFLAGS=' -Wglobal-constructors'
LIBOBJS=''
LIBS='-lpthread -lm '
LIB_M=''
LIB_THREAD=''
LIB_VERSION='71.1'
LIB_VERSION_MAJOR='71'
LTLIBOBJS=''
OBJEXT='o'
PACKAGE='icu'
PACKAGE_BUGREPORT='http://icu-project.org/bugs'
PACKAGE_NAME='ICU'
PACKAGE_STRING='ICU 71.1'
PACKAGE_TARNAME='International Components for Unicode'
PACKAGE_URL='http://icu-project.org'
PACKAGE_VERSION='71.1'
PATH_SEPARATOR=':'
PKG_CONFIG=''
PKG_CONFIG_LIBDIR=''
PKG_CONFIG_PATH=''
PLUGINS_TRUE='#'
PYTHON='python3'
RANLIB='ranlib'
SAMPLES_TRUE=''
SED='/usr/bin/sed'
SHELL='/bin/sh'
TESTS_TRUE=''
TOOLS_TRUE=''
UCLN_NO_AUTO_CLEANUP='1'
UCONFIG_CFLAGS=''
UCONFIG_CPPFLAGS=''
UCONFIG_CXXFLAGS=' -std=c++11'
UNICODE_VERSION='14.0'
U_DEFAULT_SHOW_DRAFT='1'
U_DISABLE_RENAMING='0'
U_ENABLE_DYLOAD='1'
U_ENABLE_TRACING='0'
U_HAVE_DATA='1'
U_HAVE_DIRENT_H='1'
U_HAVE_EXTRAS='1'
U_HAVE_FUZZER='0'
U_HAVE_ICUIO='1'
U_HAVE_INTTYPES_H='1'
U_HAVE_LAYOUTEX='0'
U_HAVE_LIB_SUFFIX='0'
U_HAVE_NL_LANGINFO_CODESET='1'
U_HAVE_PLACEMENT_NEW='1'
U_HAVE_PLUGINS='0'
U_HAVE_POPEN='1'
U_HAVE_SAMPLES='1'
U_HAVE_STRTOD_L='1'
U_HAVE_TESTS='1'
U_HAVE_TIMEZONE='1'
U_HAVE_TOOLS='1'
U_HAVE_TZNAME='1'
U_HAVE_TZSET='1'
U_HAVE_WCHAR_H='1'
U_HAVE_WCSCPY='1'
U_IS_BIG_ENDIAN='0'
U_MAKE='/usr/bin/gnumake'
U_NL_LANGINFO_CODESET='CODESET'
U_OVERRIDE_CXX_ALLOCATION='1'
U_TIMEZONE='timezone'
U_TZNAME='tzname'
U_TZSET='tzset'
VERSION='71.1'
ac_ct_CC='clang'
ac_ct_CXX='clang++'
bindir='${exec_prefix}/bin'
build='arm-apple-darwin21.3.0'
build_alias=''
build_cpu='arm'
build_os='darwin21.3.0'
build_vendor='apple'
cross_buildroot=''
cross_compiling='no'
datadir='${datarootdir}'
datarootdir='${prefix}/share'
docdir='${datarootdir}/doc/${PACKAGE_TARNAME}'
dvidir='${docdir}'
exec_prefix='${prefix}'
host='arm-apple-darwin21.3.0'
host_alias=''
host_cpu='arm'
host_os='darwin21.3.0'
host_vendor='apple'
htmldir='${docdir}'
includedir='${prefix}/include'
infodir='${datarootdir}/info'
libdir='${exec_prefix}/lib'
libexecdir='${exec_prefix}/libexec'
localedir='${datarootdir}/locale'
localstatedir='${prefix}/var'
mandir='${datarootdir}/man'
oldincludedir='/usr/include'
pdfdir='${docdir}'
pkgicudatadir='${datarootdir}'
platform='U_DARWIN'
platform_make_fragment='$(top_srcdir)/config/mh-darwin'
platform_make_fragment_name='mh-darwin'
prefix='/usr/local'
program_transform_name='s,x,x,'
psdir='${docdir}'
runstatedir='${localstatedir}/run'
sbindir='${exec_prefix}/sbin'
sharedstatedir='${prefix}/com'
sysconfdir='${prefix}/etc'
target_alias=''
thepkgicudatadir='${prefix}/share'

## ----------- ##
## confdefs.h. ##
## ----------- ##

/* confdefs.h */
#define PACKAGE_NAME "ICU"
#define PACKAGE_TARNAME "International Components for Unicode"
#define PACKAGE_VERSION "71.1"
#define PACKAGE_STRING "ICU 71.1"
#define PACKAGE_BUGREPORT "http://icu-project.org/bugs"
#define PACKAGE_URL "http://icu-project.org"
#define STDC_HEADERS 1
#define HAVE_SYS_TYPES_H 1
#define HAVE_SYS_STAT_H 1
#define HAVE_STDLIB_H 1
#define HAVE_STRING_H 1
#define HAVE_MEMORY_H 1
#define HAVE_STRINGS_H 1
#define HAVE_INTTYPES_H 1
#define HAVE_STDINT_H 1
#define HAVE_UNISTD_H 1
#define SIZEOF_VOID_P 8
#define HAVE_LIBM 1
#define HAVE_DLFCN_H 1
#define HAVE_DLOPEN 1
#define HAVE_GETTIMEOFDAY 1
#define HAVE_LIBPTHREAD 1
#define HAVE_INTTYPES_H 1
#define HAVE_DIRENT_H 1
#define HAVE_WCHAR_H 1
#define SIZEOF_WCHAR_T 4

configure: exit 0

## ---------------------- ##
## Running config.status. ##
## ---------------------- ##

This file was extended by ICU config.status 71.1, which was
generated by GNU Autoconf 2.69.  Invocation command line was

  CONFIG_FILES    = common/Makefile
  CONFIG_HEADERS  = 
  CONFIG_LINKS    = 
  CONFIG_COMMANDS = 
  $ ./config.status 

on Danieles-MBP.lan

config.status:901: creating common/Makefile

## ---------------------- ##
## Running config.status. ##
## ---------------------- ##

This file was extended by ICU config.status 71.1, which was
generated by GNU Autoconf 2.69.  Invocation command line was

  CONFIG_FILES    = tools/makeconv/makeconv.1
  CONFIG_HEADERS  = 
  CONFIG_LINKS    = 
  CONFIG_COMMANDS = 
  $ ./config.status 

on Danieles-MBP.lan

config.status:901: creating tools/makeconv/makeconv.1

## ---------------------- ##
## Running config.status. ##
## ---------------------- ##

This file was extended by ICU config.status 71.1, which was
generated by GNU Autoconf 2.69.  Invocation command line was

  CONFIG_FILES    = tools/genrb/derb.1
  CONFIG_HEADERS  = 
  CONFIG_LINKS    = 
  CONFIG_COMMANDS = 
  $ ./config.status 

on Danieles-MBP.lan

config.status:901: creating tools/genrb/derb.1

## ---------------------- ##
## Running config.status. ##
## ---------------------- ##

This file was extended by ICU config.status 71.1, which was
generated by GNU Autoconf 2.69.  Invocation command line was

  CONFIG_FILES    = tools/genrb/genrb.1
  CONFIG_HEADERS  = 
  CONFIG_LINKS    = 
  CONFIG_COMMANDS = 
  $ ./config.status 

on Danieles-MBP.lan

config.status:901: creating tools/genrb/genrb.1

## ---------------------- ##
## Running config.status. ##
## ---------------------- ##

This file was extended by ICU config.status 71.1, which was
generated by GNU Autoconf 2.69.  Invocation command line was

  CONFIG_FILES    = tools/genbrk/genbrk.1
  CONFIG_HEADERS  = 
  CONFIG_LINKS    = 
  CONFIG_COMMANDS = 
  $ ./config.status 

on Danieles-MBP.lan

config.status:901: creating tools/genbrk/genbrk.1

## ---------------------- ##
## Running config.status. ##
## ---------------------- ##

This file was extended by ICU config.status 71.1, which was
generated by GNU Autoconf 2.69.  Invocation command line was

  CONFIG_FILES    = tools/gencnval/gencnval.1
  CONFIG_HEADERS  = 
  CONFIG_LINKS    = 
  CONFIG_COMMANDS = 
  $ ./config.status 

on Danieles-MBP.lan

config.status:901: creating tools/gencnval/gencnval.1

## ---------------------- ##
## Running config.status. ##
## ---------------------- ##

This file was extended by ICU config.status 71.1, which was
generated by GNU Autoconf 2.69.  Invocation command line was

  CONFIG_FILES    = tools/gensprep/gensprep.8
  CONFIG_HEADERS  = 
  CONFIG_LINKS    = 
  CONFIG_COMMANDS = 
  $ ./config.status 

on Danieles-MBP.lan

config.status:901: creating tools/gensprep/gensprep.8

## ---------------------- ##
## Running config.status. ##
## ---------------------- ##

This file was extended by ICU config.status 71.1, which was
generated by GNU Autoconf 2.69.  Invocation command line was

  CONFIG_FILES    = tools/genccode/genccode.8
  CONFIG_HEADERS  = 
  CONFIG_LINKS    = 
  CONFIG_COMMANDS = 
  $ ./config.status 

on Danieles-MBP.lan

config.status:901: creating tools/genccode/genccode.8

## ---------------------- ##
## Running config.status. ##
## ---------------------- ##

This file was extended by ICU config.status 71.1, which was
generated by GNU Autoconf 2.69.  Invocation command line was

  CONFIG_FILES    = tools/gencmn/gencmn.8
  CONFIG_HEADERS  = 
  CONFIG_LINKS    = 
  CONFIG_COMMANDS = 
  $ ./config.status 

on Danieles-MBP.lan

config.status:901: creating tools/gencmn/gencmn.8

## ---------------------- ##
## Running config.status. ##
## ---------------------- ##

This file was extended by ICU config.status 71.1, which was
generated by GNU Autoconf 2.69.  Invocation command line was

  CONFIG_FILES    = tools/icupkg/icupkg.8
  CONFIG_HEADERS  = 
  CONFIG_LINKS    = 
  CONFIG_COMMANDS = 
  $ ./config.status 

on Danieles-MBP.lan

config.status:901: creating tools/icupkg/icupkg.8

## ---------------------- ##
## Running config.status. ##
## ---------------------- ##

This file was extended by ICU config.status 71.1, which was
generated by GNU Autoconf 2.69.  Invocation command line was

  CONFIG_FILES    = tools/pkgdata/pkgdata.1
  CONFIG_HEADERS  = 
  CONFIG_LINKS    = 
  CONFIG_COMMANDS = 
  $ ./config.status 

on Danieles-MBP.lan

config.status:901: creating tools/pkgdata/pkgdata.1

## ---------------------- ##
## Running config.status. ##
## ---------------------- ##

This file was extended by ICU config.status 71.1, which was
generated by GNU Autoconf 2.69.  Invocation command line was

  CONFIG_FILES    = tools/gencfu/gencfu.1
  CONFIG_HEADERS  = 
  CONFIG_LINKS    = 
  CONFIG_COMMANDS = 
  $ ./config.status 

on Danieles-MBP.lan

config.status:901: creating tools/gencfu/gencfu.1

## ---------------------- ##
## Running config.status. ##
## ---------------------- ##

This file was extended by ICU config.status 71.1, which was
generated by GNU Autoconf 2.69.  Invocation command line was

  CONFIG_FILES    = tools/gendict/gendict.1
  CONFIG_HEADERS  = 
  CONFIG_LINKS    = 
  CONFIG_COMMANDS = 
  $ ./config.status 

on Danieles-MBP.lan

config.status:901: creating tools/gendict/gendict.1

## ---------------------- ##
## Running config.status. ##
## ---------------------- ##

This file was extended by ICU config.status 71.1, which was
generated by GNU Autoconf 2.69.  Invocation command line was

  CONFIG_FILES    = tools/icuexportdata/icuexportdata.1
  CONFIG_HEADERS  = 
  CONFIG_LINKS    = 
  CONFIG_COMMANDS = 
  $ ./config.status 

on Danieles-MBP.lan

config.status:901: creating tools/icuexportdata/icuexportdata.1

## ---------------------- ##
## Running config.status. ##
## ---------------------- ##

This file was extended by ICU config.status 71.1, which was
generated by GNU Autoconf 2.69.  Invocation command line was

  CONFIG_FILES    = extra/uconv/uconv.1
  CONFIG_HEADERS  = 
  CONFIG_LINKS    = 
  CONFIG_COMMANDS = 
  $ ./config.status 

on Danieles-MBP.lan

config.status:901: creating extra/uconv/uconv.1

## ---------------------- ##
## Running config.status. ##
## ---------------------- ##

This file was extended by ICU config.status 71.1, which was
generated by GNU Autoconf 2.69.  Invocation command line was

  CONFIG_FILES    = ./config/icu-config.1
  CONFIG_HEADERS  = 
  CONFIG_LINKS    = 
  CONFIG_COMMANDS = 
  $ ./config.status 

on Danieles-MBP.lan

config.status:901: creating ./config/icu-config.1
